<?xml version="1.0" encoding="UTF-8"?>
<testng-results ignored="0" total="1" passed="1" failed="0" skipped="0">
  <reporter-output>
  </reporter-output>
  <suite started-at="2020-07-06T08:26:53 IST" name="Default suite" finished-at="2020-07-06T08:27:39 IST" duration-ms="46250">
    <groups>
    </groups>
    <test started-at="2020-07-06T08:26:53 IST" name="Default test" finished-at="2020-07-06T08:27:39 IST" duration-ms="46250">
      <class name="tictactoe.game.Game">
        <test-method is-config="true" signature="driverSetup()[pri:0, instance:tictactoe.game.Game@124c278f]" started-at="2020-07-06T08:26:45 IST" name="driverSetup" finished-at="2020-07-06T08:26:53 IST" duration-ms="7498" status="PASS">
          <reporter-output>
          </reporter-output>
        </test-method> <!-- driverSetup -->
        <test-method signature="game()[pri:0, instance:tictactoe.game.Game@124c278f]" started-at="2020-07-06T08:26:53 IST" name="game" finished-at="2020-07-06T08:27:39 IST" duration-ms="46198" status="PASS">
          <reporter-output>
          </reporter-output>
        </test-method> <!-- game -->
      </class> <!-- tictactoe.game.Game -->
    </test> <!-- Default test -->
  </suite> <!-- Default suite -->
</testng-results>
